2019-06-03T04:50:01+00:00 CRITICAL Uncaught Error: Class 'Magento\Framework\Component\ComponentRegistrar' not found in /home/elevjgek/public_html/registration.php:2
Stack trace:
#0 /home/elevjgek/public_html/wp-content/plugins/wk-woocommerce-marketplace/includes/templates/front/myaccount/register.php(18): include_once()
#1 /home/elevjgek/public_html/wp-includes/class-wp-hook.php(286): mp_seller_reg_form_fields('')
#2 /home/elevjgek/public_html/wp-includes/class-wp-hook.php(310): WP_Hook->apply_filters('', Array)
#3 /home/elevjgek/public_html/wp-includes/plugin.php(465): WP_Hook->do_action(Array)
#4 /home/elevjgek/public_html/wp-content/plugins/woocommerce/templates/myaccount/form-login.php(103): do_action('woocommerce_reg...')
#5 /home/elevjgek/public_html/wp-content/plugins/woocommerce/includes/wc-core-functions.php(249): include('/home/elevjgek/...')
#6 /home/elevjgek/public_html/wp-content/plugins/woocommerce/includes/shortcodes/class-wc-shortcode-my-account.php(57): wc_get_template('myaccount/form-...')
#7 /home/elevjgek/public_html/wp-con in /home/elevjgek/public_html/registration.php on line 2

2019-06-03T04:55:35+00:00 CRITICAL Uncaught Error: Class 'Emogrifier' not found in /home/elevjgek/public_html/wp-content/plugins/wk-woocommerce-marketplace/functions.php:927
Stack trace:
#0 /home/elevjgek/public_html/wp-includes/class-wp-hook.php(286): Marketplace->seller_created('new_seller', Array)
#1 /home/elevjgek/public_html/wp-includes/plugin.php(208): WP_Hook->apply_filters('new_seller', Array)
#2 /home/elevjgek/public_html/wp-content/plugins/wk-woocommerce-marketplace/includes/front/handlers/class-mp-register-handler.php(138): apply_filters('new_seller_regi...', 'new_seller', Array)
#3 /home/elevjgek/public_html/wp-includes/class-wp-hook.php(288): MP_Register_Handler->process_registration(43, Array)
#4 /home/elevjgek/public_html/wp-includes/class-wp-hook.php(310): WP_Hook->apply_filters('', Array)
#5 /home/elevjgek/public_html/wp-includes/plugin.php(465): WP_Hook->do_action(Array)
#6 /home/elevjgek/public_html/wp-content/plugins/woocommerce/includes/wc-user-functions.php(105): do_action('woocommerce_cre...', 43, Array, false)
#7 /home/ in /home/elevjgek/public_html/wp-content/plugins/wk-woocommerce-marketplace/functions.php on line 927

2019-06-03T04:57:05+00:00 CRITICAL Uncaught Error: Class 'Emogrifier' not found in /home/elevjgek/public_html/wp-content/plugins/wk-woocommerce-marketplace/functions.php:927
Stack trace:
#0 /home/elevjgek/public_html/wp-includes/class-wp-hook.php(286): Marketplace->seller_created('new_seller', Array)
#1 /home/elevjgek/public_html/wp-includes/plugin.php(208): WP_Hook->apply_filters('new_seller', Array)
#2 /home/elevjgek/public_html/wp-content/plugins/wk-woocommerce-marketplace/includes/front/handlers/class-mp-register-handler.php(138): apply_filters('new_seller_regi...', 'new_seller', Array)
#3 /home/elevjgek/public_html/wp-includes/class-wp-hook.php(288): MP_Register_Handler->process_registration(44, Array)
#4 /home/elevjgek/public_html/wp-includes/class-wp-hook.php(310): WP_Hook->apply_filters('', Array)
#5 /home/elevjgek/public_html/wp-includes/plugin.php(465): WP_Hook->do_action(Array)
#6 /home/elevjgek/public_html/wp-content/plugins/woocommerce/includes/wc-user-functions.php(105): do_action('woocommerce_cre...', 44, Array, false)
#7 /home/ in /home/elevjgek/public_html/wp-content/plugins/wk-woocommerce-marketplace/functions.php on line 927

2019-06-03T04:59:22+00:00 CRITICAL Uncaught Error: Class 'Emogrifier' not found in /home/elevjgek/public_html/wp-content/plugins/wk-woocommerce-marketplace/functions.php:927
Stack trace:
#0 /home/elevjgek/public_html/wp-includes/class-wp-hook.php(286): Marketplace->seller_created('new_seller', Array)
#1 /home/elevjgek/public_html/wp-includes/plugin.php(208): WP_Hook->apply_filters('new_seller', Array)
#2 /home/elevjgek/public_html/wp-content/plugins/wk-woocommerce-marketplace/includes/front/handlers/class-mp-register-handler.php(138): apply_filters('new_seller_regi...', 'new_seller', Array)
#3 /home/elevjgek/public_html/wp-includes/class-wp-hook.php(288): MP_Register_Handler->process_registration(45, Array)
#4 /home/elevjgek/public_html/wp-includes/class-wp-hook.php(310): WP_Hook->apply_filters('', Array)
#5 /home/elevjgek/public_html/wp-includes/plugin.php(465): WP_Hook->do_action(Array)
#6 /home/elevjgek/public_html/wp-content/plugins/woocommerce/includes/wc-user-functions.php(105): do_action('woocommerce_cre...', 45, Array, false)
#7 /home/ in /home/elevjgek/public_html/wp-content/plugins/wk-woocommerce-marketplace/functions.php on line 927

2019-06-03T06:10:22+00:00 CRITICAL Uncaught Error: Class 'Emogrifier' not found in /home/elevjgek/public_html/wp-content/plugins/wk-woocommerce-marketplace/functions.php:927
Stack trace:
#0 /home/elevjgek/public_html/wp-includes/class-wp-hook.php(286): Marketplace->seller_created('new_seller', Array)
#1 /home/elevjgek/public_html/wp-includes/plugin.php(208): WP_Hook->apply_filters('new_seller', Array)
#2 /home/elevjgek/public_html/wp-content/plugins/wk-woocommerce-marketplace/includes/front/handlers/class-mp-register-handler.php(138): apply_filters('new_seller_regi...', 'new_seller', Array)
#3 /home/elevjgek/public_html/wp-includes/class-wp-hook.php(288): MP_Register_Handler->process_registration(46, Array)
#4 /home/elevjgek/public_html/wp-includes/class-wp-hook.php(310): WP_Hook->apply_filters('', Array)
#5 /home/elevjgek/public_html/wp-includes/plugin.php(465): WP_Hook->do_action(Array)
#6 /home/elevjgek/public_html/wp-content/plugins/woocommerce/includes/wc-user-functions.php(105): do_action('woocommerce_cre...', 46, Array, false)
#7 /home/ in /home/elevjgek/public_html/wp-content/plugins/wk-woocommerce-marketplace/functions.php on line 927

