2019-05-20T01:11:49+00:00 NOTICE sync.started :: Starting Sync :: Mon, May 20, 2019 1:11 AM
2019-05-20T01:11:53+00:00 DEBUG MailChimp_WooCommerce_Process_Coupons_Initial_Sync@handle :: coupons :: completing now!
2019-05-20T01:11:53+00:00 NOTICE coupon_sync.completed :: Done with the coupon sync, queuing up products.
2019-05-20T01:11:54+00:00 DEBUG product_sync :: #137 :: Array
(
    [id] => 137
    [title] => Plain Shirt
    [handle] => plain-shirt
    [url] => https://elevnn.com/shop/clothing-shoes-jewelry/tshirts/plain-shirt/
    [description] => [gallery ids="138"]
    [image_url] => https://i1.wp.com/elevnn.com/wp-content/uploads/2019/02/anomaly-602407-unsplash.jpg?fit=300%2C300&ssl=1
    [variants] => Array
        (
            [0] => Array
                (
                    [id] => 137
                    [title] => Plain Shirt
                    [url] => https://elevnn.com/shop/clothing-shoes-jewelry/tshirts/plain-shirt/
                    [sku] => 123456
                    [price] => 7.95
                    [inventory_quantity] => 50
                    [image_url] => https://i1.wp.com/elevnn.com/wp-content/uploads/2019/02/anomaly-602407-unsplash.jpg?fit=300%2C300&ssl=1
                    [backorders] => false
                    [visibility] => visible
                )

        )

    [published_at_foreign] => 2019-02-28 07:59:53
)

2019-05-20T01:11:55+00:00 NOTICE product_sync.success :: addStoreProduct :: #137
2019-05-20T01:11:55+00:00 DEBUG product_sync :: #384 :: Array
(
    [id] => 384
    [title] => Plain White Tee
    [handle] => plain-white-tee
    [url] => https://elevnn.com/shop/baby-kids-toys/kids/plain-white-tee/
    [description] => This is a great white tee. Not related to the band.
    [image_url] => https://i1.wp.com/elevnn.com/wp-content/uploads/2019/02/anomaly-602407-unsplash.jpg?fit=300%2C300&ssl=1
    [variants] => Array
        (
            [0] => Array
                (
                    [id] => 384
                    [title] => Plain White Tee
                    [url] => https://elevnn.com/shop/baby-kids-toys/kids/plain-white-tee/
                    [sku] => 145675544343
                    [price] => 45.00
                    [inventory_quantity] => 1000000
                    [image_url] => https://i1.wp.com/elevnn.com/wp-content/uploads/2019/02/anomaly-602407-unsplash.jpg?fit=300%2C300&ssl=1
                    [backorders] => false
                    [visibility] => visible
                )

        )

    [published_at_foreign] => 2019-04-03 01:10:29
)

2019-05-20T01:11:55+00:00 NOTICE product_sync.success :: addStoreProduct :: #384
2019-05-20T01:11:55+00:00 DEBUG product_sync :: #442 :: Array
(
    [id] => 442
    [title] => Gray Men's Shirt
    [handle] => gray-mens-shirt
    [url] => https://elevnn.com/shop/clothing-shoes-jewelry/tshirts/gray-mens-shirt/
    [description] => Butcher viral helvetica put a bird on it polaroid fingerstache kombucha tilde brunch farm-to-table tattooed lo-fi drinking vinegar. Knausgaard meh yuccie, umami chambray VHS af bitters messenger bag hexagon retro taxidermy mustache. Bicycle rights cliche tacos schlitz butcher direct trade scenester vegan sustainable hashtag.
    [image_url] => https://i0.wp.com/elevnn.com/wp-content/uploads/2019/04/graphicstock-closeup-portrait-of-a-smiling-man-looking-at-camera-isolated-on-a-white-background_S8DxUqDQO3l.jpg?fit=300%2C200&ssl=1
    [variants] => Array
        (
            [0] => Array
                (
                    [id] => 442
                    [title] => Gray Men's Shirt
                    [url] => https://elevnn.com/shop/clothing-shoes-jewelry/tshirts/gray-mens-shirt/
                    [sku] => 123
                    [price] => 25.00
                    [inventory_quantity] => 1000000
                    [image_url] => https://i0.wp.com/elevnn.com/wp-content/uploads/2019/04/graphicstock-closeup-portrait-of-a-smiling-man-looking-at-camera-isolated-on-a-white-background_S8DxUqDQO3l.jpg?fit=300%2C200&ssl=1
                    [backorders] => false
                    [visibility] => visible
                )

        )

    [published_at_foreign] => 2019-04-06 19:42:17
)

2019-05-20T01:11:55+00:00 NOTICE product_sync.success :: addStoreProduct :: #442
2019-05-20T01:11:55+00:00 DEBUG product_sync :: #443 :: Array
(
    [id] => 443
    [title] => Star Necklace
    [handle] => star-necklace
    [url] => https://elevnn.com/shop/clothing-shoes-jewelry/accessories/star-necklace/
    [description] => Butcher viral helvetica put a bird on it polaroid fingerstache kombucha tilde brunch farm-to-table tattooed lo-fi drinking vinegar. Knausgaard meh yuccie, umami chambray VHS af bitters messenger bag hexagon retro taxidermy mustache. Bicycle rights cliche tacos schlitz butcher direct trade scenester vegan sustainable hashtag.
    [image_url] => https://i0.wp.com/elevnn.com/wp-content/uploads/2019/04/andie-gomez-acebo-744590-unsplash.jpg?fit=300%2C200&ssl=1
    [variants] => Array
        (
            [0] => Array
                (
                    [id] => 443
                    [title] => Star Necklace
                    [url] => https://elevnn.com/shop/clothing-shoes-jewelry/accessories/star-necklace/
                    [sku] => 124
                    [price] => 65
                    [inventory_quantity] => 45
                    [image_url] => https://i0.wp.com/elevnn.com/wp-content/uploads/2019/04/andie-gomez-acebo-744590-unsplash.jpg?fit=300%2C200&ssl=1
                    [backorders] => true
                    [visibility] => visible
                )

        )

    [published_at_foreign] => 2019-04-06 19:45:58
)

2019-05-20T01:11:56+00:00 NOTICE product_sync.success :: addStoreProduct :: #443
2019-05-20T01:11:56+00:00 DEBUG product_sync :: #444 :: Array
(
    [id] => 444
    [title] => Wooden Toy Truck
    [handle] => wooden-toy-truck
    [url] => https://elevnn.com/shop/baby-kids-toys/toys/wooden-toy-truck/
    [description] => Butcher viral helvetica put a bird on it polaroid fingerstache kombucha tilde brunch farm-to-table tattooed lo-fi drinking vinegar. Knausgaard meh yuccie, umami chambray VHS af bitters messenger bag hexagon retro taxidermy mustache. Bicycle rights cliche tacos schlitz butcher direct trade scenester vegan sustainable hashtag.
    [image_url] => https://i1.wp.com/elevnn.com/wp-content/uploads/2019/04/baby-indoors-playing-with-truck_SFgBtjCSi.jpg?fit=300%2C200&ssl=1
    [variants] => Array
        (
            [0] => Array
                (
                    [id] => 444
                    [title] => Wooden Toy Truck
                    [url] => https://elevnn.com/shop/baby-kids-toys/toys/wooden-toy-truck/
                    [sku] => 125
                    [price] => 29.99
                    [inventory_quantity] => 100
                    [image_url] => https://i1.wp.com/elevnn.com/wp-content/uploads/2019/04/baby-indoors-playing-with-truck_SFgBtjCSi.jpg?fit=300%2C200&ssl=1
                    [backorders] => false
                    [visibility] => visible
                )

        )

    [published_at_foreign] => 2019-04-06 20:18:28
)

2019-05-20T01:11:56+00:00 NOTICE product_sync.success :: addStoreProduct :: #444
2019-05-20T01:11:57+00:00 DEBUG MailChimp_WooCommerce_Process_Products@handle :: queuing up the next job
2019-05-20T01:11:57+00:00 DEBUG product_sync :: #445 :: Array
(
    [id] => 445
    [title] => Custom Faux Leather Notebook
    [handle] => custom-faux-leather-notebook
    [url] => https://elevnn.com/shop/home-goods/custom-faux-leather-notebook/
    [description] => Whatever fixie cornhole tilde coloring book listicle. La croix kogi flexitarian marfa hashtag, kitsch lomo. Banjo lomo microdosing locavore trust fund direct trade. Craft beer copper mug trust fund, hashtag marfa photo booth gastropub chia celiac food truck street art etsy pop-up. Blue bottle artisan cliche PBR&amp;B ennui pour-over 8-bit +1 offal dreamcatcher.
    [image_url] => https://i1.wp.com/elevnn.com/wp-content/uploads/2019/04/notebooks_XyHiLV.jpg?fit=300%2C150&ssl=1
    [variants] => Array
        (
            [0] => Array
                (
                    [id] => 445
                    [title] => Custom Faux Leather Notebook
                    [url] => https://elevnn.com/shop/home-goods/custom-faux-leather-notebook/
                    [sku] => 126
                    [price] => 12.00
                    [inventory_quantity] => 1200
                    [image_url] => https://i1.wp.com/elevnn.com/wp-content/uploads/2019/04/notebooks_XyHiLV.jpg?fit=300%2C150&ssl=1
                    [backorders] => false
                    [visibility] => visible
                )

        )

    [published_at_foreign] => 2019-04-06 20:12:35
)

2019-05-20T01:11:57+00:00 NOTICE product_sync.success :: addStoreProduct :: #445
2019-05-20T01:11:57+00:00 DEBUG product_sync :: #446 :: Array
(
    [id] => 446
    [title] => Day Planner
    [handle] => day-planner
    [url] => https://elevnn.com/shop/home-goods/day-planner/
    [description] => Whatever fixie cornhole tilde coloring book listicle. La croix kogi flexitarian marfa hashtag, kitsch lomo. Banjo lomo microdosing locavore trust fund direct trade. Craft beer copper mug trust fund, hashtag marfa photo booth gastropub chia celiac food truck street art etsy pop-up. Blue bottle artisan cliche PBR&amp;B ennui pour-over 8-bit +1 offal dreamcatcher.
    [image_url] => https://i2.wp.com/elevnn.com/wp-content/uploads/2019/04/business-agenda_X1UuB4.jpg?fit=199%2C300&ssl=1
    [variants] => Array
        (
            [0] => Array
                (
                    [id] => 446
                    [title] => Day Planner
                    [url] => https://elevnn.com/shop/home-goods/day-planner/
                    [sku] => 127
                    [price] => 55.45
                    [inventory_quantity] => 1000000
                    [image_url] => https://i2.wp.com/elevnn.com/wp-content/uploads/2019/04/business-agenda_X1UuB4.jpg?fit=199%2C300&ssl=1
                    [backorders] => false
                    [visibility] => visible
                )

        )

    [published_at_foreign] => 2019-04-06 20:28:52
)

2019-05-20T01:11:58+00:00 NOTICE product_sync.success :: addStoreProduct :: #446
2019-05-20T01:11:58+00:00 DEBUG product_sync :: #447 :: Array
(
    [id] => 447
    [title] => Hand crafted stuffed bear
    [handle] => hand-crafted-stuffed-bear
    [url] => https://elevnn.com/shop/baby-kids-toys/toys/hand-crafted-stuffed-bear/
    [description] => Whatever fixie cornhole tilde coloring book listicle. La croix kogi flexitarian marfa hashtag, kitsch lomo. Banjo lomo microdosing locavore trust fund direct trade. Craft beer copper mug trust fund, hashtag marfa photo booth gastropub chia celiac food truck street art etsy pop-up. Blue bottle artisan cliche PBR&amp;B ennui pour-over 8-bit +1 offal dreamcatcher.
    [image_url] => https://i0.wp.com/elevnn.com/wp-content/uploads/2019/04/danny-wage-509245-unsplash.jpg?fit=300%2C186&ssl=1
    [variants] => Array
        (
            [0] => Array
                (
                    [id] => 447
                    [title] => Hand crafted stuffed bear
                    [url] => https://elevnn.com/shop/baby-kids-toys/toys/hand-crafted-stuffed-bear/
                    [sku] => 128
                    [price] => 75.00
                    [inventory_quantity] => 1000000
                    [image_url] => https://i0.wp.com/elevnn.com/wp-content/uploads/2019/04/danny-wage-509245-unsplash.jpg?fit=300%2C186&ssl=1
                    [backorders] => false
                    [visibility] => visible
                )

        )

    [published_at_foreign] => 2019-04-06 20:32:37
)

2019-05-20T01:11:58+00:00 NOTICE product_sync.success :: addStoreProduct :: #447
2019-05-20T01:11:58+00:00 DEBUG product_sync :: #448 :: Array
(
    [id] => 448
    [title] => Blue Baby Shoes
    [handle] => blue-baby-shoes
    [url] => https://elevnn.com/shop/baby-kids-toys/baby/blue-baby-shoes/
    [description] => Whatever fixie cornhole tilde coloring book listicle. La croix kogi flexitarian marfa hashtag, kitsch lomo. Banjo lomo microdosing locavore trust fund direct trade. Craft beer copper mug trust fund, hashtag marfa photo booth gastropub chia celiac food truck street art etsy pop-up. Blue bottle artisan cliche PBR&amp;B ennui pour-over 8-bit +1 offal dreamcatcher.
    [image_url] => https://i0.wp.com/elevnn.com/wp-content/uploads/2019/04/DM_03242016_0363.jpg?fit=300%2C200&ssl=1
    [variants] => Array
        (
            [0] => Array
                (
                    [id] => 448
                    [title] => Blue Baby Shoes
                    [url] => https://elevnn.com/shop/baby-kids-toys/baby/blue-baby-shoes/
                    [sku] => 129
                    [price] => 67.99
                    [inventory_quantity] => 30
                    [image_url] => https://i0.wp.com/elevnn.com/wp-content/uploads/2019/04/DM_03242016_0363.jpg?fit=300%2C200&ssl=1
                    [backorders] => false
                    [visibility] => visible
                )

        )

    [published_at_foreign] => 2019-04-06 20:34:28
)

2019-05-20T01:11:59+00:00 NOTICE product_sync.success :: addStoreProduct :: #448
2019-05-20T01:11:59+00:00 DEBUG product_sync :: #449 :: Array
(
    [id] => 449
    [title] => Eco Friendly Bathroom Cleaner
    [handle] => eco-friendly-bathroom-cleaner
    [url] => https://elevnn.com/shop/home-goods/eco-friendly-bathroom-cleaner/
    [description] => Whatever fixie cornhole tilde coloring book listicle. La croix kogi flexitarian marfa hashtag, kitsch lomo. Banjo lomo microdosing locavore trust fund direct trade. Craft beer copper mug trust fund, hashtag marfa photo booth gastropub chia celiac food truck street art etsy pop-up. Blue bottle artisan cliche PBR&amp;B ennui pour-over 8-bit +1 offal dreamcatcher.
    [image_url] => https://i1.wp.com/elevnn.com/wp-content/uploads/2019/04/environmentally-friendly-cleaning-supplies_HK-atppVi.jpg?fit=201%2C300&ssl=1
    [variants] => Array
        (
            [0] => Array
                (
                    [id] => 449
                    [title] => Eco Friendly Bathroom Cleaner
                    [url] => https://elevnn.com/shop/home-goods/eco-friendly-bathroom-cleaner/
                    [sku] => 130
                    [price] => 8.00
                    [inventory_quantity] => 1000000
                    [image_url] => https://i1.wp.com/elevnn.com/wp-content/uploads/2019/04/environmentally-friendly-cleaning-supplies_HK-atppVi.jpg?fit=201%2C300&ssl=1
                    [backorders] => false
                    [visibility] => visible
                )

        )

    [published_at_foreign] => 2019-04-06 20:36:07
)

2019-05-20T01:11:59+00:00 NOTICE product_sync.success :: addStoreProduct :: #449
2019-05-20T01:12:00+00:00 DEBUG MailChimp_WooCommerce_Process_Products@handle :: queuing up the next job
2019-05-20T01:12:00+00:00 DEBUG product_sync :: #454 :: Array
(
    [id] => 454
    [title] => Blue Tennis Shoes
    [handle] => blue-tennis-shoes
    [url] => https://elevnn.com/shop/clothing-shoes-jewelry/blue-tennis-shoes/
    [description] => Whatever fixie cornhole tilde coloring book listicle. La croix kogi flexitarian marfa hashtag, kitsch lomo. Banjo lomo microdosing locavore trust fund direct trade. Craft beer copper mug trust fund, hashtag marfa photo booth gastropub chia celiac food truck street art etsy pop-up. Blue bottle artisan cliche PBR&amp;B ennui pour-over 8-bit +1 offal dreamcatcher.
    [image_url] => https://i2.wp.com/elevnn.com/wp-content/uploads/2019/04/graphicstock-blue-sports-shoes-with-pink-shoelaces-laid-on-sand-beach-background-studio-shot-flat-lay-copy-space_BOGIso9UfW-copy.jpg?fit=300%2C200&ssl=1
    [variants] => Array
        (
            [0] => Array
                (
                    [id] => 454
                    [title] => Blue Tennis Shoes
                    [url] => https://elevnn.com/shop/clothing-shoes-jewelry/blue-tennis-shoes/
                    [sku] => 132
                    [price] => 80
                    [inventory_quantity] => 1000000
                    [image_url] => https://i2.wp.com/elevnn.com/wp-content/uploads/2019/04/graphicstock-blue-sports-shoes-with-pink-shoelaces-laid-on-sand-beach-background-studio-shot-flat-lay-copy-space_BOGIso9UfW-copy.jpg?fit=300%2C200&ssl=1
                    [backorders] => false
                    [visibility] => visible
                )

        )

    [published_at_foreign] => 2019-04-06 20:48:32
)

2019-05-20T01:12:00+00:00 NOTICE product_sync.success :: addStoreProduct :: #454
2019-05-20T01:12:00+00:00 DEBUG product_sync :: #455 :: Array
(
    [id] => 455
    [title] => Khaki Pants
    [handle] => khaki-pants
    [url] => https://elevnn.com/shop/clothing-shoes-jewelry/khaki-pants/
    [description] => Whatever fixie cornhole tilde coloring book listicle. La croix kogi flexitarian marfa hashtag, kitsch lomo. Banjo lomo microdosing locavore trust fund direct trade. Craft beer copper mug trust fund, hashtag marfa photo booth gastropub chia celiac food truck street art etsy pop-up. Blue bottle artisan cliche PBR&amp;B ennui pour-over 8-bit +1 offal dreamcatcher.
    [image_url] => https://i1.wp.com/elevnn.com/wp-content/uploads/2019/04/graphicstock-close-up-of-a-woman-in-a-denim-shirt-striped-t-shirt-and-beige-pants-with-a-fitness-tracker-at-hand-the-details-of-womens-clothing_Hbz76onD-.jpg?fit=300%2C200&ssl=1
    [variants] => Array
        (
            [0] => Array
                (
                    [id] => 455
                    [title] => Khaki Pants
                    [url] => https://elevnn.com/shop/clothing-shoes-jewelry/khaki-pants/
                    [sku] => 133
                    [price] => 55
                    [inventory_quantity] => 1000000
                    [image_url] => https://i1.wp.com/elevnn.com/wp-content/uploads/2019/04/graphicstock-close-up-of-a-woman-in-a-denim-shirt-striped-t-shirt-and-beige-pants-with-a-fitness-tracker-at-hand-the-details-of-womens-clothing_Hbz76onD-.jpg?fit=300%2C200&ssl=1
                    [backorders] => false
                    [visibility] => visible
                )

        )

    [published_at_foreign] => 2019-04-06 20:50:34
)

2019-05-20T01:12:01+00:00 NOTICE product_sync.success :: addStoreProduct :: #455
2019-05-20T01:12:01+00:00 DEBUG product_sync :: #456 :: Array
(
    [id] => 456
    [title] => Handcrafted Welcome Mat
    [handle] => handcrafted-welcome-mat
    [url] => https://elevnn.com/shop/home-goods/handcrafted-welcome-mat/
    [description] => Whatever fixie cornhole tilde coloring book listicle. La croix kogi flexitarian marfa hashtag, kitsch lomo. Banjo lomo microdosing locavore trust fund direct trade. Craft beer copper mug trust fund, hashtag marfa photo booth gastropub chia celiac food truck street art etsy pop-up. Blue bottle artisan cliche PBR&amp;B ennui pour-over 8-bit +1 offal dreamcatcher.
    [image_url] => https://i0.wp.com/elevnn.com/wp-content/uploads/2019/04/welcome-mat-isolated-on-white_StXrWRp4i.jpg?fit=300%2C201&ssl=1
    [variants] => Array
        (
            [0] => Array
                (
                    [id] => 456
                    [title] => Handcrafted Welcome Mat
                    [url] => https://elevnn.com/shop/home-goods/handcrafted-welcome-mat/
                    [sku] => 135
                    [price] => 23.99
                    [inventory_quantity] => 1000000
                    [image_url] => https://i0.wp.com/elevnn.com/wp-content/uploads/2019/04/welcome-mat-isolated-on-white_StXrWRp4i.jpg?fit=300%2C201&ssl=1
                    [backorders] => false
                    [visibility] => visible
                )

        )

    [published_at_foreign] => 2019-04-06 20:52:28
)

2019-05-20T01:12:01+00:00 NOTICE product_sync.success :: addStoreProduct :: #456
2019-05-20T01:12:02+00:00 DEBUG MailChimp_WooCommerce_Process_Products@handle :: queuing up the next job
2019-05-20T01:12:04+00:00 DEBUG MailChimp_WooCommerce_Process_Products@handle :: products :: completing now!
2019-05-20T01:12:04+00:00 NOTICE product_sync.completed :: Done with the product sync :: queuing up the orders next!
2019-05-20T01:12:06+00:00 DEBUG order_sync :: #151 :: Array
(
    [id] => 151
    [customer] => Array
        (
            [id] => 8a8049504fa1ed552ade4721d6c07cc6
            [email_address] => admin@elevnn.com
            [opt_in_status] => 1
            [first_name] => Carson
            [last_name] => Thetford
            [orders_count] => 1
            [total_spent] => 51.42
            [address] => Array
                (
                    [name] => Carson Thetford
                    [address1] => 13450 CR 3630
                    [city] => Ada
                    [province] => OK
                    [postal_code] => 74820
                    [country] => US
                    [phone] => 5803200369
                )

        )

    [financial_status] => paid
    [fulfillment_status] => fulfilled
    [currency_code] => USD
    [order_total] => 51.42
    [order_url] => https://elevnn.com/my-account/view-order/151/
    [tax_total] => 2.42
    [discount_total] => 0
    [shipping_total] => 4
    [processed_at_foreign] => 2019-02-28 09:58:58
    [shipping_address] => Array
        (
            [name] => Carson Thetford
            [address1] => 13450 CR 3630
            [city] => Ada
            [province] => OK
            [postal_code] => 74820
            [country] => US
            [phone] => 5803200369
        )

    [billing_address] => Array
        (
            [name] => Carson Thetford
            [address1] => 13450 CR 3630
            [city] => Ada
            [province] => OK
            [postal_code] => 74820
            [country] => US
            [phone] => 5803200369
        )

    [lines] => Array
        (
            [0] => Array
                (
                    [id] => 1
                    [product_id] => deleted_38
                    [product_variant_id] => deleted_38
                    [quantity] => 1
                    [price] => 45
                )

        )

)

2019-05-20T01:12:06+00:00 NOTICE order_submit.success :: addStoreOrder :: #151 :: email: admin@elevnn.com
2019-05-20T01:12:07+00:00 DEBUG MailChimp_WooCommerce_Process_Orders@handle :: queuing up the next job
2019-05-20T01:12:09+00:00 DEBUG MailChimp_WooCommerce_Process_Orders@handle :: orders :: completing now!
2019-05-20T01:12:09+00:00 NOTICE order_submit.completed :: Done with the order sync.
2019-05-20T01:12:09+00:00 NOTICE sync.completed :: Finished Sync :: Mon, May 20, 2019 1:12 AM
