[INFO]-[2019/02/27 04:47:06] DB Copy: Creating table wpstg0_commentmeta
[INFO]-[2019/02/27 04:47:06] DB Copy: Creating table wpstg0_comments
[INFO]-[2019/02/27 04:47:06] DB Copy: wpez_comments as wpstg0_comments from 0 to 10000 records
[INFO]-[2019/02/27 04:47:06] DB Copy: Creating table wpstg0_failed_jobs
[INFO]-[2019/02/27 04:47:06] DB Copy: Creating table wpstg0_links
[INFO]-[2019/02/27 04:47:06] DB Copy: Creating table wpstg0_loginizer_logs
[INFO]-[2019/02/27 04:47:06] DB Copy: Creating table wpstg0_mailchimp_carts
[INFO]-[2019/02/27 04:47:06] DB Copy: Creating table wpstg0_mo_campaign_log
[INFO]-[2019/02/27 04:47:06] DB Copy: Creating table wpstg0_mo_campaign_logmeta
[INFO]-[2019/02/27 04:47:06] DB Copy: Creating table wpstg0_mo_conversions
[INFO]-[2019/02/27 04:47:06] DB Copy: Creating table wpstg0_mo_email_campaignmeta
[INFO]-[2019/02/27 04:47:06] DB Copy: Creating table wpstg0_mo_email_campaigns
[INFO]-[2019/02/27 04:47:06] DB Copy: Creating table wpstg0_mo_optin_campaignmeta
[INFO]-[2019/02/27 04:47:06] DB Copy: wpez_mo_optin_campaignmeta as wpstg0_mo_optin_campaignmeta from 0 to 10000 records
[INFO]-[2019/02/27 04:47:06] DB Copy: Creating table wpstg0_mo_optin_campaigns
[INFO]-[2019/02/27 04:47:06] DB Copy: wpez_mo_optin_campaigns as wpstg0_mo_optin_campaigns from 0 to 10000 records
[INFO]-[2019/02/27 04:47:06] DB Copy: Creating table wpstg0_options
[INFO]-[2019/02/27 04:47:06] DB Copy: wpez_options as wpstg0_options from 0 to 10000 records
[INFO]-[2019/02/27 04:47:06] DB Copy: Creating table wpstg0_postmeta
[INFO]-[2019/02/27 04:47:06] DB Copy: wpez_postmeta as wpstg0_postmeta from 0 to 10000 records
[INFO]-[2019/02/27 04:47:06] DB Copy: Creating table wpstg0_posts
[INFO]-[2019/02/27 04:47:06] DB Copy: wpez_posts as wpstg0_posts from 0 to 10000 records
[INFO]-[2019/02/27 04:47:06] DB Copy: Creating table wpstg0_queue
[INFO]-[2019/02/27 04:47:06] DB Copy: Creating table wpstg0_term_relationships
[INFO]-[2019/02/27 04:47:06] DB Copy: wpez_term_relationships as wpstg0_term_relationships from 0 to 10000 records
[INFO]-[2019/02/27 04:47:06] DB Copy: Creating table wpstg0_term_taxonomy
[INFO]-[2019/02/27 04:47:06] DB Copy: wpez_term_taxonomy as wpstg0_term_taxonomy from 0 to 10000 records
[INFO]-[2019/02/27 04:47:06] DB Copy: Creating table wpstg0_termmeta
[INFO]-[2019/02/27 04:47:06] DB Copy: wpez_termmeta as wpstg0_termmeta from 0 to 10000 records
[INFO]-[2019/02/27 04:47:06] DB Copy: Creating table wpstg0_terms
[INFO]-[2019/02/27 04:47:06] DB Copy: wpez_terms as wpstg0_terms from 0 to 10000 records
[INFO]-[2019/02/27 04:47:06] DB Copy: Creating table wpstg0_usermeta
[INFO]-[2019/02/27 04:47:06] DB Copy: wpez_usermeta as wpstg0_usermeta from 0 to 10000 records
[INFO]-[2019/02/27 04:47:06] DB Copy: Creating table wpstg0_users
[INFO]-[2019/02/27 04:47:06] DB Copy: wpez_users as wpstg0_users from 0 to 10000 records
[INFO]-[2019/02/27 04:47:06] DB Copy: Creating table wpstg0_wc_download_log
[INFO]-[2019/02/27 04:47:06] DB Copy: Creating table wpstg0_wc_webhooks
[INFO]-[2019/02/27 04:47:06] DB Copy: Creating table wpstg0_wcpv_commissions
[INFO]-[2019/02/27 04:47:06] DB Copy: Creating table wpstg0_wcpv_per_product_shipping_rules
[INFO]-[2019/02/27 04:47:06] DB Copy: Creating table wpstg0_woocommerce_api_keys
[INFO]-[2019/02/27 04:47:06] DB Copy: Creating table wpstg0_woocommerce_attribute_taxonomies
[INFO]-[2019/02/27 04:47:06] DB Copy: Creating table wpstg0_woocommerce_downloadable_product_permissions
[INFO]-[2019/02/27 04:47:06] DB Copy: Creating table wpstg0_woocommerce_log
[INFO]-[2019/02/27 04:47:06] DB Copy: Creating table wpstg0_woocommerce_order_itemmeta
[INFO]-[2019/02/27 04:47:06] DB Copy: Creating table wpstg0_woocommerce_order_items
[INFO]-[2019/02/27 04:47:06] DB Copy: Creating table wpstg0_woocommerce_payment_tokenmeta
[INFO]-[2019/02/27 04:47:06] DB Copy: Creating table wpstg0_woocommerce_payment_tokens
[INFO]-[2019/02/27 04:47:06] DB Copy: Creating table wpstg0_woocommerce_sessions
[INFO]-[2019/02/27 04:47:06] DB Copy: wpez_woocommerce_sessions as wpstg0_woocommerce_sessions from 0 to 10000 records
[INFO]-[2019/02/27 04:47:06] DB Copy: Creating table wpstg0_woocommerce_shipping_zone_locations
[INFO]-[2019/02/27 04:47:06] DB Copy: Creating table wpstg0_woocommerce_shipping_zone_methods
[INFO]-[2019/02/27 04:47:06] DB Copy: Creating table wpstg0_woocommerce_shipping_zones
[INFO]-[2019/02/27 04:47:06] DB Copy: Creating table wpstg0_woocommerce_tax_rate_locations
[INFO]-[2019/02/27 04:47:06] DB Copy: Creating table wpstg0_woocommerce_tax_rates
[INFO]-[2019/02/27 04:47:06] DB Copy: Creating table wpstg0_commentmeta
[INFO]-[2019/02/27 04:47:06] DB Copy: Creating table wpstg0_comments
[INFO]-[2019/02/27 04:47:06] DB Copy: wpez_comments as wpstg0_comments from 0 to 10000 records
[INFO]-[2019/02/27 04:47:06] DB Copy: Creating table wpstg0_failed_jobs
[INFO]-[2019/02/27 04:47:06] DB Copy: Creating table wpstg0_links
[INFO]-[2019/02/27 04:47:06] DB Copy: Creating table wpstg0_loginizer_logs
[INFO]-[2019/02/27 04:47:06] DB Copy: Creating table wpstg0_mailchimp_carts
[INFO]-[2019/02/27 04:47:06] DB Copy: Creating table wpstg0_mo_campaign_log
[INFO]-[2019/02/27 04:47:06] DB Copy: Creating table wpstg0_mo_campaign_logmeta
[INFO]-[2019/02/27 04:47:06] DB Copy: Creating table wpstg0_mo_conversions
[INFO]-[2019/02/27 04:47:06] DB Copy: Creating table wpstg0_mo_email_campaignmeta
[INFO]-[2019/02/27 04:47:06] DB Copy: Creating table wpstg0_mo_email_campaigns
[INFO]-[2019/02/27 04:47:06] DB Copy: Creating table wpstg0_mo_optin_campaignmeta
[INFO]-[2019/02/27 04:47:06] DB Copy: wpez_mo_optin_campaignmeta as wpstg0_mo_optin_campaignmeta from 0 to 10000 records
[INFO]-[2019/02/27 04:47:06] DB Copy: Creating table wpstg0_mo_optin_campaigns
[INFO]-[2019/02/27 04:47:06] DB Copy: wpez_mo_optin_campaigns as wpstg0_mo_optin_campaigns from 0 to 10000 records
[INFO]-[2019/02/27 04:47:06] DB Copy: Creating table wpstg0_options
[INFO]-[2019/02/27 04:47:06] DB Copy: wpez_options as wpstg0_options from 0 to 10000 records
[INFO]-[2019/02/27 04:47:06] DB Copy: Creating table wpstg0_postmeta
[INFO]-[2019/02/27 04:47:06] DB Copy: wpez_postmeta as wpstg0_postmeta from 0 to 10000 records
[INFO]-[2019/02/27 04:47:06] DB Copy: Creating table wpstg0_posts
[INFO]-[2019/02/27 04:47:06] DB Copy: wpez_posts as wpstg0_posts from 0 to 10000 records
[INFO]-[2019/02/27 04:47:06] DB Copy: Creating table wpstg0_queue
[INFO]-[2019/02/27 04:47:06] DB Copy: Creating table wpstg0_term_relationships
[INFO]-[2019/02/27 04:47:06] DB Copy: wpez_term_relationships as wpstg0_term_relationships from 0 to 10000 records
[INFO]-[2019/02/27 04:47:06] DB Copy: Creating table wpstg0_term_taxonomy
[INFO]-[2019/02/27 04:47:06] DB Copy: wpez_term_taxonomy as wpstg0_term_taxonomy from 0 to 10000 records
[INFO]-[2019/02/27 04:47:06] DB Copy: Creating table wpstg0_termmeta
[INFO]-[2019/02/27 04:47:06] DB Copy: wpez_termmeta as wpstg0_termmeta from 0 to 10000 records
[INFO]-[2019/02/27 04:47:06] DB Copy: Creating table wpstg0_terms
[INFO]-[2019/02/27 04:47:06] DB Copy: wpez_terms as wpstg0_terms from 0 to 10000 records
[INFO]-[2019/02/27 04:47:06] DB Copy: Creating table wpstg0_usermeta
[INFO]-[2019/02/27 04:47:06] DB Copy: wpez_usermeta as wpstg0_usermeta from 0 to 10000 records
[INFO]-[2019/02/27 04:47:06] DB Copy: Creating table wpstg0_users
[INFO]-[2019/02/27 04:47:06] DB Copy: wpez_users as wpstg0_users from 0 to 10000 records
[INFO]-[2019/02/27 04:47:06] DB Copy: Creating table wpstg0_wc_download_log
[INFO]-[2019/02/27 04:47:06] DB Copy: Creating table wpstg0_wc_webhooks
[INFO]-[2019/02/27 04:47:06] DB Copy: Creating table wpstg0_wcpv_commissions
[INFO]-[2019/02/27 04:47:06] DB Copy: Creating table wpstg0_wcpv_per_product_shipping_rules
[INFO]-[2019/02/27 04:47:06] DB Copy: Creating table wpstg0_woocommerce_api_keys
[INFO]-[2019/02/27 04:47:06] DB Copy: Creating table wpstg0_woocommerce_attribute_taxonomies
[INFO]-[2019/02/27 04:47:06] DB Copy: Creating table wpstg0_woocommerce_downloadable_product_permissions
[INFO]-[2019/02/27 04:47:06] DB Copy: Creating table wpstg0_woocommerce_log
[INFO]-[2019/02/27 04:47:06] DB Copy: Creating table wpstg0_woocommerce_order_itemmeta
[INFO]-[2019/02/27 04:47:06] DB Copy: Creating table wpstg0_woocommerce_order_items
[INFO]-[2019/02/27 04:47:06] DB Copy: Creating table wpstg0_woocommerce_payment_tokenmeta
[INFO]-[2019/02/27 04:47:06] DB Copy: Creating table wpstg0_woocommerce_payment_tokens
[INFO]-[2019/02/27 04:47:06] DB Copy: Creating table wpstg0_woocommerce_sessions
[INFO]-[2019/02/27 04:47:06] DB Copy: wpez_woocommerce_sessions as wpstg0_woocommerce_sessions from 0 to 10000 records
[INFO]-[2019/02/27 04:47:06] DB Copy: Creating table wpstg0_woocommerce_shipping_zone_locations
[INFO]-[2019/02/27 04:47:06] DB Copy: Creating table wpstg0_woocommerce_shipping_zone_methods
[INFO]-[2019/02/27 04:47:06] DB Copy: Creating table wpstg0_woocommerce_shipping_zones
[INFO]-[2019/02/27 04:47:06] DB Copy: Creating table wpstg0_woocommerce_tax_rate_locations
[INFO]-[2019/02/27 04:47:06] DB Copy: Creating table wpstg0_woocommerce_tax_rates
[]-[] 
[]-[] 
[]-[] 
[INFO]-[2019/02/27 04:47:07] DB Processing:  Table wpstg0_comments 0 to 5000 records
[INFO]-[2019/02/27 04:47:07] DB Processing:  Table wpstg0_mo_optin_campaignmeta 0 to 5000 records
[INFO]-[2019/02/27 04:47:07] DB Processing:  Table wpstg0_mo_optin_campaigns 0 to 5000 records
[INFO]-[2019/02/27 04:47:07] DB Processing:  Table wpstg0_options 0 to 5000 records
[INFO]-[2019/02/27 04:47:07] DB Processing:  Table wpstg0_postmeta 0 to 5000 records
[INFO]-[2019/02/27 04:47:07] DB Processing:  Table wpstg0_posts 0 to 5000 records
[INFO]-[2019/02/27 04:47:07] DB Processing:  Table wpstg0_term_relationships 0 to 5000 records
[INFO]-[2019/02/27 04:47:07] DB Processing:  Table wpstg0_term_taxonomy 0 to 5000 records
[INFO]-[2019/02/27 04:47:07] DB Processing:  Table wpstg0_termmeta 0 to 5000 records
[INFO]-[2019/02/27 04:47:07] DB Processing:  Table wpstg0_terms 0 to 5000 records
[INFO]-[2019/02/27 04:47:07] DB Processing:  Table wpstg0_usermeta 0 to 5000 records
[INFO]-[2019/02/27 04:47:07] DB Processing:  Table wpstg0_users 0 to 5000 records
[INFO]-[2019/02/27 04:47:07] DB Processing:  Table wpstg0_woocommerce_sessions 0 to 5000 records
[]-[] 
[INFO]-[2019/02/27 04:47:07] DB Processing:  Table wpstg0_comments 0 to 5000 records
[INFO]-[2019/02/27 04:47:07] DB Processing:  Table wpstg0_mo_optin_campaignmeta 0 to 5000 records
[INFO]-[2019/02/27 04:47:07] DB Processing:  Table wpstg0_mo_optin_campaigns 0 to 5000 records
[INFO]-[2019/02/27 04:47:07] DB Processing:  Table wpstg0_options 0 to 5000 records
[INFO]-[2019/02/27 04:47:07] DB Processing:  Table wpstg0_postmeta 0 to 5000 records
[INFO]-[2019/02/27 04:47:07] DB Processing:  Table wpstg0_posts 0 to 5000 records
[INFO]-[2019/02/27 04:47:07] DB Processing:  Table wpstg0_term_relationships 0 to 5000 records
[INFO]-[2019/02/27 04:47:07] DB Processing:  Table wpstg0_term_taxonomy 0 to 5000 records
[INFO]-[2019/02/27 04:47:07] DB Processing:  Table wpstg0_termmeta 0 to 5000 records
[INFO]-[2019/02/27 04:47:07] DB Processing:  Table wpstg0_terms 0 to 5000 records
[INFO]-[2019/02/27 04:47:07] DB Processing:  Table wpstg0_usermeta 0 to 5000 records
[INFO]-[2019/02/27 04:47:07] DB Processing:  Table wpstg0_users 0 to 5000 records
[INFO]-[2019/02/27 04:47:07] DB Processing:  Table wpstg0_woocommerce_sessions 0 to 5000 records
[]-[] 
[]-[] 
[INFO]-[2019/02/27 04:47:08] Scanning / for files
[INFO]-[2019/02/27 04:47:08] Scanning / for files
[INFO]-[2019/02/27 04:47:08] Scanning wp-content folder /home/elevjgek/public_html/wp-content
[INFO]-[2019/02/27 04:47:08] Scanning wp-content folder /home/elevjgek/public_html/wp-content
[INFO]-[2019/02/27 04:47:09] Scanning /wp-includes for its sub-directories and files
[INFO]-[2019/02/27 04:47:09] Scanning /wp-includes for its sub-directories and files
[INFO]-[2019/02/27 04:47:09] Scanning /wp-admin for its sub-directories and files
[INFO]-[2019/02/27 04:47:09] Scanning /wp-admin for its sub-directories and files
[INFO]-[2019/02/27 04:47:09] Scanning vendor for its sub-directories and files
[INFO]-[2019/02/27 04:47:09] Scanning vendor for its sub-directories and files
[INFO]-[2019/02/27 04:47:09] Scanning bin for its sub-directories and files
[INFO]-[2019/02/27 04:47:09] Scanning bin for its sub-directories and files
[INFO]-[2019/02/27 04:47:10] Scanning zendframework for its sub-directories and files
[INFO]-[2019/02/27 04:47:10] Scanning zendframework for its sub-directories and files
[INFO]-[2019/02/27 04:47:10] Copying files...
[INFO]-[2019/02/27 04:47:10] Skipping big file: /home/elevjgek/public_html/magento-amazing-theme.zip
[INFO]-[2019/02/27 04:47:11] Total 500 files processed
[INFO]-[2019/02/27 04:47:11] Trying to copy big file: /home/elevjgek/public_html/wp-content/plugins/woo-gutenberg-products-block/build/vendors.js -> /home/elevjgek/public_html/1551242824408/wp-content/plugins/woo-gutenberg-products-block/build/vendors.js
[INFO]-[2019/02/27 04:47:11] Total 1000 files processed
[INFO]-[2019/02/27 04:47:11] Total 1500 files processed
[INFO]-[2019/02/27 04:47:11] Total 2000 files processed
[INFO]-[2019/02/27 04:47:11] Trying to copy big file: /home/elevjgek/public_html/wp-content/plugins/jetpack/_inc/build/admin.js -> /home/elevjgek/public_html/1551242824408/wp-content/plugins/jetpack/_inc/build/admin.js
[INFO]-[2019/02/27 04:47:11] Total 2500 files processed
[INFO]-[2019/02/27 04:47:11] Total 3000 files processed
[INFO]-[2019/02/27 04:47:12] Total 3500 files processed
[INFO]-[2019/02/27 04:47:12] Trying to copy big file: /home/elevjgek/public_html/wp-content/plugins/woocommerce/assets/css/jquery-ui/jquery-ui-rtl.css -> /home/elevjgek/public_html/1551242824408/wp-content/plugins/woocommerce/assets/css/jquery-ui/jquery-ui-rtl.css
[INFO]-[2019/02/27 04:47:12] Trying to copy big file: /home/elevjgek/public_html/wp-content/plugins/woocommerce/assets/css/jquery-ui/jquery-ui.css -> /home/elevjgek/public_html/1551242824408/wp-content/plugins/woocommerce/assets/css/jquery-ui/jquery-ui.css
[INFO]-[2019/02/27 04:47:12] Total 4000 files processed
[INFO]-[2019/02/27 04:47:12] Trying to copy big file: /home/elevjgek/public_html/wp-content/uploads/GeoLite2-Country.mmdb -> /home/elevjgek/public_html/1551242824408/wp-content/uploads/GeoLite2-Country.mmdb
[INFO]-[2019/02/27 04:47:12] Total 4500 files processed
[INFO]-[2019/02/27 04:47:12] Total 5000 files processed
[INFO]-[2019/02/27 04:47:13] Total 5500 files processed
[WARNING]-[2019/02/27 04:47:13] File doesn't exist /home/elevjgek/public_html/
[INFO]-[2019/02/27 04:47:10] Copying files...
[INFO]-[2019/02/27 04:47:10] Skipping big file: /home/elevjgek/public_html/magento-amazing-theme.zip
[INFO]-[2019/02/27 04:47:11] Total 500 files processed
[INFO]-[2019/02/27 04:47:11] Trying to copy big file: /home/elevjgek/public_html/wp-content/plugins/woo-gutenberg-products-block/build/vendors.js -> /home/elevjgek/public_html/1551242824408/wp-content/plugins/woo-gutenberg-products-block/build/vendors.js
[INFO]-[2019/02/27 04:47:11] Total 1000 files processed
[INFO]-[2019/02/27 04:47:11] Total 1500 files processed
[INFO]-[2019/02/27 04:47:11] Total 2000 files processed
[INFO]-[2019/02/27 04:47:11] Trying to copy big file: /home/elevjgek/public_html/wp-content/plugins/jetpack/_inc/build/admin.js -> /home/elevjgek/public_html/1551242824408/wp-content/plugins/jetpack/_inc/build/admin.js
[INFO]-[2019/02/27 04:47:11] Total 2500 files processed
[INFO]-[2019/02/27 04:47:11] Total 3000 files processed
[INFO]-[2019/02/27 04:47:12] Total 3500 files processed
[INFO]-[2019/02/27 04:47:12] Trying to copy big file: /home/elevjgek/public_html/wp-content/plugins/woocommerce/assets/css/jquery-ui/jquery-ui-rtl.css -> /home/elevjgek/public_html/1551242824408/wp-content/plugins/woocommerce/assets/css/jquery-ui/jquery-ui-rtl.css
[INFO]-[2019/02/27 04:47:12] Trying to copy big file: /home/elevjgek/public_html/wp-content/plugins/woocommerce/assets/css/jquery-ui/jquery-ui.css -> /home/elevjgek/public_html/1551242824408/wp-content/plugins/woocommerce/assets/css/jquery-ui/jquery-ui.css
[INFO]-[2019/02/27 04:47:12] Total 4000 files processed
[INFO]-[2019/02/27 04:47:12] Trying to copy big file: /home/elevjgek/public_html/wp-content/uploads/GeoLite2-Country.mmdb -> /home/elevjgek/public_html/1551242824408/wp-content/uploads/GeoLite2-Country.mmdb
[INFO]-[2019/02/27 04:47:12] Total 4500 files processed
[INFO]-[2019/02/27 04:47:12] Total 5000 files processed
[INFO]-[2019/02/27 04:47:13] Total 5500 files processed
[WARNING]-[2019/02/27 04:47:13] File doesn't exist /home/elevjgek/public_html/
[INFO]-[2019/02/27 04:47:13] Copying files finished
[INFO]-[2019/02/27 04:47:13] Copying files finished
[INFO]-[2019/02/27 04:47:13] Preparing Data Step0: Check if wp-config.php is located in root path
[INFO]-[2019/02/27 04:47:13] Preparing Data Step0: Skip it
[INFO]-[2019/02/27 04:47:13] Preparing Data Step1: Updating siteurl and homeurl in wpstg0_options 
[INFO]-[2019/02/27 04:47:13] Preparing Data Step1: Updating siteurl and homeurl to https://elevnn.com/1551242824408
[INFO]-[2019/02/27 04:47:13] Preparing Data Step2: Updating row wpstg_is_staging_site in wpstg0_options 
[INFO]-[2019/02/27 04:47:13] Preparing Data Step2: Successfull
[INFO]-[2019/02/27 04:47:13] Preparing Data Step3: Updating rewrite_rules in wpstg0_options 
[INFO]-[2019/02/27 04:47:13] Preparing Data Step4: Updating db prefix in wpstg0_usermeta. 
[INFO]-[2019/02/27 04:47:13] Preparing Data Step5: Updating table_prefix in /home/elevjgek/public_html/1551242824408/wp-config.php to wpstg0_
[INFO]-[2019/02/27 04:47:13] Preparing Data Step7: Updating wpstg_rmpermalinks_executed in wpstg0_options 
[WARNING]-[2019/02/27 04:47:13] Failed to update wpstg_rmpermalinks_executed in wpstg0_options 
[INFO]-[2019/02/27 04:47:13] Preparing Data Step8: Updating permalink_structure in wpstg0_options 
[INFO]-[2019/02/27 04:47:13] Preparing Data Step8: Finished successfully
[INFO]-[2019/02/27 04:47:13] Preparing Data Step9: Set staging site to noindex
[INFO]-[2019/02/27 04:47:13] Preparing Data Step9: Finished successfully
[INFO]-[2019/02/27 04:47:13] Preparing Data Step10: Updating WP_HOME in wp-config.php to https://elevnn.com/1551242824408
[INFO]-[2019/02/27 04:47:13] Preparing Data Step10: WP_HOME not defined in wp-config.php. Skipping this step.
[INFO]-[2019/02/27 04:47:13] Preparing Data Step 10: Finished successfully
[INFO]-[2019/02/27 04:47:13] Preparing Data Step11: Updating WP_SITEURL in wp-config.php to https://elevnn.com/1551242824408
[INFO]-[2019/02/27 04:47:13] Preparing Data Step11: WP_SITEURL not defined in wp-config.php. Skipping this step.
[INFO]-[2019/02/27 04:47:13] Preparing Data Step 11: Finished successfully
[INFO]-[2019/02/27 04:47:13] Preparing Data Step12: Updating db prefix in wpstg0_options.
[INFO]-[2019/02/27 04:47:13] Preparing Data Step 12: Finished successfully
[INFO]-[2019/02/27 04:47:13] Preparing Data Step13: Updating upload_path wpstg0_options.
[INFO]-[2019/02/27 04:47:13] Preparing Data Step13: Skipped
[INFO]-[2019/02/27 04:47:13] Preparing Data Step14: Set WP_CACHE in wp-config.php to false
[INFO]-[2019/02/27 04:47:13] Preparing Data Step14: WP_CACHE not defined in wp-config.php. Skipping this step.
[INFO]-[2019/02/27 04:47:13] Preparing Data Step 14: Finished successfully
[INFO]-[2019/02/27 04:47:13] Preparing Data Step15: Set WP_CONTENT_DIR in wp-config.php to false
[INFO]-[2019/02/27 04:47:13] Preparing Data Step15: WP_CONTENT_DIR not defined in wp-config.php. Skipping this step.
[INFO]-[2019/02/27 04:47:13] Preparing Data Step 15: Finished successfully
[INFO]-[2019/02/27 04:47:13] Preparing Data Step16: Set WP_CONTENT_URL in wp-config.php to false
[INFO]-[2019/02/27 04:47:13] Preparing Data Step16: WP_CONTENT_URL not defined in wp-config.php. Skipping this step.
[INFO]-[2019/02/27 04:47:13] Preparing Data Step 16: Finished successfully
[INFO]-[2019/02/27 04:47:13] Preparing Data Step0: Check if wp-config.php is located in root path
[INFO]-[2019/02/27 04:47:13] Preparing Data Step0: Skip it
[INFO]-[2019/02/27 04:47:13] Preparing Data Step1: Updating siteurl and homeurl in wpstg0_options 
[INFO]-[2019/02/27 04:47:13] Preparing Data Step1: Updating siteurl and homeurl to https://elevnn.com/1551242824408
[INFO]-[2019/02/27 04:47:13] Preparing Data Step2: Updating row wpstg_is_staging_site in wpstg0_options 
[INFO]-[2019/02/27 04:47:13] Preparing Data Step2: Successfull
[INFO]-[2019/02/27 04:47:13] Preparing Data Step3: Updating rewrite_rules in wpstg0_options 
[INFO]-[2019/02/27 04:47:13] Preparing Data Step4: Updating db prefix in wpstg0_usermeta. 
[INFO]-[2019/02/27 04:47:13] Preparing Data Step5: Updating table_prefix in /home/elevjgek/public_html/1551242824408/wp-config.php to wpstg0_
[INFO]-[2019/02/27 04:47:13] Preparing Data Step7: Updating wpstg_rmpermalinks_executed in wpstg0_options 
[WARNING]-[2019/02/27 04:47:13] Failed to update wpstg_rmpermalinks_executed in wpstg0_options 
[INFO]-[2019/02/27 04:47:13] Preparing Data Step8: Updating permalink_structure in wpstg0_options 
[INFO]-[2019/02/27 04:47:13] Preparing Data Step8: Finished successfully
[INFO]-[2019/02/27 04:47:13] Preparing Data Step9: Set staging site to noindex
[INFO]-[2019/02/27 04:47:13] Preparing Data Step9: Finished successfully
[INFO]-[2019/02/27 04:47:13] Preparing Data Step10: Updating WP_HOME in wp-config.php to https://elevnn.com/1551242824408
[INFO]-[2019/02/27 04:47:13] Preparing Data Step10: WP_HOME not defined in wp-config.php. Skipping this step.
[INFO]-[2019/02/27 04:47:13] Preparing Data Step 10: Finished successfully
[INFO]-[2019/02/27 04:47:13] Preparing Data Step11: Updating WP_SITEURL in wp-config.php to https://elevnn.com/1551242824408
[INFO]-[2019/02/27 04:47:13] Preparing Data Step11: WP_SITEURL not defined in wp-config.php. Skipping this step.
[INFO]-[2019/02/27 04:47:13] Preparing Data Step 11: Finished successfully
[INFO]-[2019/02/27 04:47:13] Preparing Data Step12: Updating db prefix in wpstg0_options.
[INFO]-[2019/02/27 04:47:13] Preparing Data Step 12: Finished successfully
[INFO]-[2019/02/27 04:47:13] Preparing Data Step13: Updating upload_path wpstg0_options.
[INFO]-[2019/02/27 04:47:13] Preparing Data Step13: Skipped
[INFO]-[2019/02/27 04:47:13] Preparing Data Step14: Set WP_CACHE in wp-config.php to false
[INFO]-[2019/02/27 04:47:13] Preparing Data Step14: WP_CACHE not defined in wp-config.php. Skipping this step.
[INFO]-[2019/02/27 04:47:13] Preparing Data Step 14: Finished successfully
[INFO]-[2019/02/27 04:47:13] Preparing Data Step15: Set WP_CONTENT_DIR in wp-config.php to false
[INFO]-[2019/02/27 04:47:13] Preparing Data Step15: WP_CONTENT_DIR not defined in wp-config.php. Skipping this step.
[INFO]-[2019/02/27 04:47:13] Preparing Data Step 15: Finished successfully
[INFO]-[2019/02/27 04:47:13] Preparing Data Step16: Set WP_CONTENT_URL in wp-config.php to false
[INFO]-[2019/02/27 04:47:13] Preparing Data Step16: WP_CONTENT_URL not defined in wp-config.php. Skipping this step.
[INFO]-[2019/02/27 04:47:13] Preparing Data Step 16: Finished successfully
[]-[] 
[]-[] 
[INFO]-[2019/02/27 04:47:14] Finish: Deleting clone job's cache files...
[INFO]-[2019/02/27 04:47:14] Finish: Clone job's cache files have been deleted!
[INFO]-[2019/02/27 04:47:14] Finish: Verifying existing clones...
[INFO]-[2019/02/27 04:47:14] Finish: 1551242824408's clone job's data is not in database, generating data
[INFO]-[2019/02/27 04:47:14] Finish: Deleting clone job's cache files...
[INFO]-[2019/02/27 04:47:14] Finish: Clone job's cache files have been deleted!
[INFO]-[2019/02/27 04:47:14] Finish: Verifying existing clones...
[INFO]-[2019/02/27 04:47:14] Finish: 1551242824408's clone job's data is not in database, generating data
